MobileApp/build/app/outputs/mapping/release/mapping.txt
# compiler: R8
# compiler_version: 1.5.64
# min_api: 16
# pg_map_id: 0bbb578
com.example.wuoof.MainActivity -> com.example.wuoof.MainActivity:
    void configureFlutterEngine(io.flutter.embedding.engine.FlutterEngine) -> b
...
com.bumptech.glide.module.AppliesOptions -> b.a.a.p.b:
com.bumptech.glide.module.GlideModule -> b.a.a.p.c:
    void applyOptions(android.content.Context,com.bumptech.glide.GlideBuilder) -> a
    void registerComponents(android.content.Context,com.bumptech.glide.Glide,com.bumptech.glide.Registry) -> a
com.bumptech.glide.module.LibraryGlideModule -> b.a.a.p.d:
    void registerComponents(android.content.Context,com.bumptech.glide.Glide,com.bumptech.glide.Registry) -> a
com.bumptech.glide.module.ManifestParser -> b.a.a.p.e:
    android.content.Context context -> a
    java.util.List parse() -> a
    com.bumptech.glide.module.GlideModule parseModule(java.lang.String) -> a
    void throwInstantiateGlideModuleException(java.lang.Class,java.lang.Exception) -> a
com.bumptech.glide.module.RegistersComponents -> b.a.a.p.f:
com.bumptech.glide.provider.EncoderRegistry -> b.a.a.q.a:
    java.util.List encoders -> a
    void append(java.lang.Class,com.bumptech.glide.load.Encoder) -> a
    com.bumptech.glide.load.Encoder getEncoder(java.lang.Class) -> a
com.bumptech.glide.provider.EncoderRegistry$Entry -> b.a.a.q.a$a:
    java.lang.Class dataClass -> a
    com.bumptech.glide.load.Encoder encoder -> b
    boolean handles(java.lang.Class) -> a
com.bumptech.glide.provider.ImageHeaderParserRegistry -> b.a.a.q.b:
    java.util.List parsers -> a
    void add(com.bumptech.glide.load.ImageHeaderParser) -> a
    java.util.List getParsers() -> a
com.bumptech.glide.provider.LoadPathCache -> b.a.a.q.c:
    com.bumptech.glide.load.engine.LoadPath NO_PATHS_SIGNAL -> c
    java.util.concurrent.atomic.AtomicReference keyRef -> b
    androidx.collection.ArrayMap cache -> a
    com.bumptech.glide.load.engine.LoadPath get(java.lang.Class,java.lang.Class,java.lang.Class) -> a
    boolean isEmptyLoadPath(com.bumptech.glide.load.engine.LoadPath) -> a
    void put(java.lang.Class,java.lang.Class,java.lang.Class,com.bumptech.glide.load.engine.LoadPath) -> a
    com.bumptech.glide.util.MultiClassKey getKey(java.lang.Class,java.lang.Class,java.lang.Class) -> b
com.bumptech.glide.provider.ModelToResourceClassCache -> b.a.a.q.d:
    java.util.concurrent.atomic.AtomicReference resourceClassKeyRef -> a
    androidx.collection.ArrayMap registeredResourceClassCache -> b
    java.util.List get(java.lang.Class,java.lang.Class,java.lang.Class) -> a
    void put(java.lang.Class,java.lang.Class,java.lang.Class,java.util.List) -> a
com.bumptech.glide.provider.ResourceDecoderRegistry -> b.a.a.q.e:
    java.util.List bucketPriorityList -> a
    java.util.Map decoders -> b
    void append(java.lang.String,com.bumptech.glide.load.ResourceDecoder,java.lang.Class,java.lang.Class) -> a
    java.util.List getDecoders(java.lang.Class,java.lang.Class) -> a
    java.util.List getOrAddEntryList(java.lang.String) -> a
    void setBucketPriorityList(java.util.List) -> a
    java.util.List getResourceClasses(java.lang.Class,java.lang.Class) -> b
com.bumptech.glide.provider.ResourceDecoderRegistry$Entry -> b.a.a.q.e$a:
    com.bumptech.glide.load.ResourceDecoder decoder -> c
    java.lang.Class resourceClass -> b
    java.lang.Class dataClass -> a
    boolean handles(java.lang.Class,java.lang.Class) -> a
com.bumptech.glide.provider.ResourceEncoderRegistry -> b.a.a.q.f:
    java.util.List encoders -> a
    void append(java.lang.Class,com.bumptech.glide.load.ResourceEncoder) -> a
    com.bumptech.glide.load.ResourceEncoder get(java.lang.Class) -> a
com.bumptech.glide.provider.ResourceEncoderRegistry$Entry -> b.a.a.q.f$a:
    com.bumptech.glide.load.ResourceEncoder encoder -> b
    java.lang.Class resourceClass -> a
    boolean handles(java.lang.Class) -> a